{
  "stats": {
    "suites": 1,
    "tests": 1,
    "passes": 0,
    "pending": 0,
    "failures": 1,
    "start": "2024-01-15T10:10:35.599Z",
    "end": "2024-01-15T10:11:57.758Z",
    "duration": 82159,
    "testsRegistered": 1,
    "passPercent": 0,
    "pendingPercent": 0,
    "other": 0,
    "hasOther": false,
    "skipped": 0,
    "hasSkipped": false
  },
  "results": [
    {
      "uuid": "a92fe90a-a0d6-4972-9b7f-093d45a3c890",
      "title": "",
      "fullFile": "cypress\\e2e\\frameworkdemo\\loginPage.cy.ts",
      "file": "cypress\\e2e\\frameworkdemo\\loginPage.cy.ts",
      "beforeHooks": [],
      "afterHooks": [],
      "tests": [],
      "suites": [
        {
          "uuid": "9354f731-4cec-416d-894d-7edb5e348c1a",
          "title": "centraworld_calcus",
          "fullFile": "",
          "file": "",
          "beforeHooks": [],
          "afterHooks": [],
          "tests": [
            {
              "title": "logintest",
              "fullTitle": "centraworld_calcus logintest",
              "timedOut": null,
              "duration": 82019,
              "state": "failed",
              "speed": null,
              "pass": false,
              "fail": true,
              "pending": false,
              "context": "{\n  \"title\": \"cypress-mochawesome-reporter-screenshots\",\n  \"value\": [\n    [\n      \"\\\\frameworkdemo\\\\loginPage.cy.ts\\\\centraworld_calcus -- logintest (failed).png\"\n    ]\n  ]\n}",
              "code": "cy.fixture('URL').then(function (data) {\n    cy.visit(data.url);\n    var ln = new _frameworkdemo_Locator_cy__WEBPACK_IMPORTED_MODULE_0__[\"default\"]();\n    ln.setPrivacy();\n    ln.invalidCred(data.inValidUsername, data.invalidPassword);\n    cy.wait(2000);\n    ln.setLoginPage(data.username, data.Password);\n});",
              "err": {
                "message": "AssertionError: Timed out retrying after 8000ms: expected '<div.ng-tns-c3817212877-2.ng-star-inserted.ng-trigger.ng-trigger-flyInOut.ngx-toastr.toast-error>' to have text ' Unauthorized ', but the text was ' You have enter incorrect username and password. '",
                "estack": "AssertionError: Timed out retrying after 8000ms: expected '<div.ng-tns-c3817212877-2.ng-star-inserted.ng-trigger.ng-trigger-flyInOut.ngx-toastr.toast-error>' to have text ' Unauthorized ', but the text was ' You have enter incorrect username and password. '\n    at login.invalidCred (webpack://angular-centraworld-calcus/./cypress/e2e/frameworkdemo/Locator.cy.ts:14:0)\n    at Context.eval (webpack://angular-centraworld-calcus/./cypress/e2e/frameworkdemo/loginPage.cy.ts:9:0)",
                "diff": "- ' You have enter incorrect username and password. '\n+ ' Unauthorized '\n"
              },
              "uuid": "5d57cd96-33d3-4dee-88c2-3a501c36bb27",
              "parentUUID": "9354f731-4cec-416d-894d-7edb5e348c1a",
              "isHook": false,
              "skipped": false
            }
          ],
          "suites": [],
          "passes": [],
          "failures": [
            "5d57cd96-33d3-4dee-88c2-3a501c36bb27"
          ],
          "pending": [],
          "skipped": [],
          "duration": 82019,
          "root": false,
          "rootEmpty": false,
          "_timeout": 2000
        }
      ],
      "passes": [],
      "failures": [],
      "pending": [],
      "skipped": [],
      "duration": 0,
      "root": true,
      "rootEmpty": true,
      "_timeout": 2000
    }
  ],
  "meta": {
    "mocha": {
      "version": "7.0.1"
    },
    "mochawesome": {
      "options": {
        "quiet": false,
        "reportFilename": "mochawesome",
        "saveHtml": false,
        "saveJson": true,
        "consoleReporter": "spec",
        "useInlineDiffs": false,
        "code": true
      },
      "version": "7.1.3"
    },
    "marge": {
      "options": {
        "overwrite": false,
        "html": false,
        "json": true,
        "reportDir": "cypress\\reports\\html\\.jsons"
      },
      "version": "6.2.0"
    }
  }
}