{
  "stats": {
    "suites": 1,
    "tests": 1,
    "passes": 0,
    "pending": 0,
    "failures": 1,
    "start": "2024-01-15T10:13:21.776Z",
    "end": "2024-01-15T10:14:23.449Z",
    "duration": 61673,
    "testsRegistered": 1,
    "passPercent": 0,
    "pendingPercent": 0,
    "other": 0,
    "hasOther": false,
    "skipped": 0,
    "hasSkipped": false
  },
  "results": [
    {
      "uuid": "6369b3ab-6c4f-4a45-bb0b-2fbd6c8d7b08",
      "title": "",
      "fullFile": "cypress\\e2e\\frameworkdemo\\monitor-netzerojourney.cy.ts",
      "file": "cypress\\e2e\\frameworkdemo\\monitor-netzerojourney.cy.ts",
      "beforeHooks": [],
      "afterHooks": [],
      "tests": [],
      "suites": [
        {
          "uuid": "05a96de5-20e4-4d16-be7c-a6a74d0ecf3b",
          "title": "monitorNetzeroJourney",
          "fullFile": "",
          "file": "",
          "beforeHooks": [],
          "afterHooks": [],
          "tests": [
            {
              "title": "logintest",
              "fullTitle": "monitorNetzeroJourney logintest",
              "timedOut": null,
              "duration": 61569,
              "state": "failed",
              "speed": null,
              "pass": false,
              "fail": true,
              "pending": false,
              "context": "{\n  \"title\": \"cypress-mochawesome-reporter-screenshots\",\n  \"value\": [\n    [\n      \"\\\\monitor-netzerojourney.cy.ts\\\\monitorNetzeroJourney -- logintest (failed).png\"\n    ]\n  ]\n}",
              "code": "cy.fixture('URL').then(function (data) {\n    cy.visit(data.url);\n    var ln = new _Locator_cy__WEBPACK_IMPORTED_MODULE_0__[\"default\"]();\n    ln.setLoginPage(data.username, data.invalidPassword);\n    cy.get(data.NetzerojourneyUrl).should('be.exist').click();\n    cy.get('div.nav-horizontal-scroll').should('contain', 'Pathways');\n});",
              "err": {
                "message": "AssertionError: Timed out retrying after 8000ms: Expected to find element: `#toast-container > .ng-trigger`, but never found it.",
                "estack": "AssertionError: Timed out retrying after 8000ms: Expected to find element: `#toast-container > .ng-trigger`, but never found it.\n    at login.setLoginPage (webpack://angular-centraworld-calcus/./cypress/e2e/frameworkdemo/Locator.cy.ts:6:0)\n    at Context.eval (webpack://angular-centraworld-calcus/./cypress/e2e/frameworkdemo/monitor-netzerojourney.cy.ts:8:0)",
                "diff": null
              },
              "uuid": "15995f1c-fa32-4472-baae-12ede023a6f0",
              "parentUUID": "05a96de5-20e4-4d16-be7c-a6a74d0ecf3b",
              "isHook": false,
              "skipped": false
            }
          ],
          "suites": [],
          "passes": [],
          "failures": [
            "15995f1c-fa32-4472-baae-12ede023a6f0"
          ],
          "pending": [],
          "skipped": [],
          "duration": 61569,
          "root": false,
          "rootEmpty": false,
          "_timeout": 2000
        }
      ],
      "passes": [],
      "failures": [],
      "pending": [],
      "skipped": [],
      "duration": 0,
      "root": true,
      "rootEmpty": true,
      "_timeout": 2000
    }
  ],
  "meta": {
    "mocha": {
      "version": "7.0.1"
    },
    "mochawesome": {
      "options": {
        "quiet": false,
        "reportFilename": "mochawesome",
        "saveHtml": false,
        "saveJson": true,
        "consoleReporter": "spec",
        "useInlineDiffs": false,
        "code": true
      },
      "version": "7.1.3"
    },
    "marge": {
      "options": {
        "overwrite": false,
        "html": false,
        "json": true,
        "reportDir": "cypress\\reports\\html\\.jsons"
      },
      "version": "6.2.0"
    }
  }
}