{
  "stats": {
    "suites": 1,
    "tests": 1,
    "passes": 1,
    "pending": 0,
    "failures": 0,
    "start": "2024-01-15T10:23:09.265Z",
    "end": "2024-01-15T10:23:37.757Z",
    "duration": 28492,
    "testsRegistered": 1,
    "passPercent": 100,
    "pendingPercent": 0,
    "other": 0,
    "hasOther": false,
    "skipped": 0,
    "hasSkipped": false
  },
  "results": [
    {
      "uuid": "65409d0d-4f22-4046-8e9f-9c3d9f503220",
      "title": "",
      "fullFile": "cypress\\e2e\\new\\Monitor_Overview.cy.ts",
      "file": "cypress\\e2e\\new\\Monitor_Overview.cy.ts",
      "beforeHooks": [],
      "afterHooks": [],
      "tests": [],
      "suites": [
        {
          "uuid": "8e5a739a-359e-4677-bda2-88dfb71e7f32",
          "title": "centraworld_calcus",
          "fullFile": "",
          "file": "",
          "beforeHooks": [],
          "afterHooks": [],
          "tests": [
            {
              "title": "login",
              "fullTitle": "centraworld_calcus login",
              "timedOut": null,
              "duration": 28399,
              "state": "passed",
              "speed": "slow",
              "pass": true,
              "fail": false,
              "pending": false,
              "context": null,
              "code": "cy.visit('https://tabreed.sentra.world/');\nconst Username = 'vikas.upadhyay@sentra.world';\nconst Password = 'SentraWorld@2023';\ncy.get('input[placeholder=\"Username\"]').type('vikas.upadhyay@sentra.world');\ncy.get('input[placeholder=\"Password\"]').type('SentraWorld@2023');\ncy.get('.open-model > p > :nth-child(2)').should('be.visible').click();\ncy.get(':nth-child(64)').scrollIntoView({ duration: 2000 });\ncy.wait(2000);\ncy.get('#scrollableLongContentModal > .modal-dialog > .modal-content > [style=\"display: contents;\"] > .model-header > .btn').click();\ncy.get('.open-model > p > :nth-child(1)').should('be.visible').click();\ncy.get('#scrollableLongContentModalp > .modal-dialog > .modal-content > [style=\"display: contents;\"] > .model-body > .policy-font > :nth-child(50)').scrollIntoView({ duration: 2000 });\ncy.wait(2000);\ncy.get('#scrollableLongContentModalp > .modal-dialog > .modal-content > [style=\"display: contents;\"] > .model-header > .btn').click();\n/*if (cy.get(\"a[href='#']\").should('be.visible').click()) {\n  cy.log('click on contact us');\n}*/\ncy.get('.px-4 > .ng-star-inserted').click();\nif (Username === 'vikas.upadhyay@sentra.world' &&\n    Password === 'SentraWorld@2023') {\n    cy.wait(6000);\n    cy.get('#toast-container > .ng-trigger').click();\n    cy.get('#toast-container > .ng-trigger').then(function (Login) {\n        cy.log(Login.text());\n    });\n}\nelse {\n    cy.wait(4000);\n    cy.get('#toast-container > .ng-trigger').then(function (Unauthorized) {\n        cy.log(Unauthorized.text());\n    });\n}\ncy.get('.pe-2 > .form-control').click();\ncy.get(':nth-child(1) > bs-calendar-layout > .bs-datepicker-body > .months > tbody > :nth-child(1) > :nth-child(1)').click();\ncy.get(':nth-child(1) > bs-calendar-layout > .bs-datepicker-body > .months > tbody > :nth-child(1) > :nth-child(3) > span').click();\nconst logo = '.ms-4 > .ms-3';\ncy.get(logo).should('be.visible');\ncy.wait(6000);\ncy.get('.mb-2.ms-2.sec-title.ng-star-inserted').should('be.visible');\ncy.get(\"p[class='mb-0 sec-title']\").should('be.visible');\ncy.get(':nth-child(1) > :nth-child(1) > .rounded-4 > .card-body').then(function (absolute) {\n    cy.log(absolute.text());\n});\ncy.get(':nth-child(2) > .rounded-4 > .card-body > .d-flex > .ms-3 > .sec-title').should('be.visible');\ncy.get(':nth-child(2) > .rounded-4 > .card-body > .d-flex').then(function (intensity) {\n    cy.log(intensity.text());\n});\ncy.get(\"c-col[class='col-md-12'] div[class='chart-position']\").then(function (scopes) {\n    cy.log(scopes.text());\n});\ncy.get('.card-body #breakdownByCatChart').click();\ncy.get('.card-body #breakdownByCatChart').trigger('mouseover');\ncy.get(':nth-child(2) > .rounded-4 > .card-body > .row > :nth-child(1) > .sec-title').should('be.visible');\ncy.get(':nth-child(2) > .rounded-4 > .card-body > .row > :nth-child(1) > .sec-title').then(function (top_5_catagories) {\n    cy.log(top_5_catagories.text());\n});\ncy.get(\"c-col[class='col-lg-12 col-md-12 col-sm-12 col-xl-12'] div[class='chart-position']\").then(function (tco2e_scopes) {\n    cy.log(tco2e_scopes.text());\n});\ncy.get('.nav-horizontal-scroll-inner > :nth-child(2) > .nav-link')\n    .should('be.visible')\n    .click();\ncy.get(':nth-child(1) > .row-backgrounds > .card-body').then(function (CEO_Pay_Ratio) {\n    cy.log(CEO_Pay_Ratio.text());\n});\ncy.get(':nth-child(3) > .row-backgrounds > .card-body').then(function (Gender_Pay_Ratio) {\n    cy.log(Gender_Pay_Ratio.text());\n});\ncy.get(':nth-child(4) > .row-backgrounds > .card-body').then(function (Percentage_of_women_employee) {\n    cy.log(Percentage_of_women_employee.text());\n});\ncy.get(':nth-child(5) > .row-backgrounds > .card-body').then(function (LTIFR_per_million_worked_hours) {\n    cy.log(LTIFR_per_million_worked_hours.text());\n});\ncy.get(':nth-child(6) > .row-backgrounds > .card-body').then(function (Community_Spending) {\n    cy.log(Community_Spending.text());\n});\ncy.get('.nav-horizontal-scroll-inner > :nth-child(3) > .nav-link')\n    .should('be.visible')\n    .click();\ncy.get(':nth-child(1) > .row-backgrounds > .card-body').then(function (board_seats_occupied) {\n    cy.log(board_seats_occupied.text());\n});\ncy.get(':nth-child(2) > .row-backgrounds > .card-body').then(function (Independant_member) {\n    cy.log(Independant_member.text());\n});",
              "err": {},
              "uuid": "6f176d4e-5992-4879-8609-20daf10190a2",
              "parentUUID": "8e5a739a-359e-4677-bda2-88dfb71e7f32",
              "isHook": false,
              "skipped": false
            }
          ],
          "suites": [],
          "passes": [
            "6f176d4e-5992-4879-8609-20daf10190a2"
          ],
          "failures": [],
          "pending": [],
          "skipped": [],
          "duration": 28399,
          "root": false,
          "rootEmpty": false,
          "_timeout": 2000
        }
      ],
      "passes": [],
      "failures": [],
      "pending": [],
      "skipped": [],
      "duration": 0,
      "root": true,
      "rootEmpty": true,
      "_timeout": 2000
    }
  ],
  "meta": {
    "mocha": {
      "version": "7.0.1"
    },
    "mochawesome": {
      "options": {
        "quiet": false,
        "reportFilename": "mochawesome",
        "saveHtml": false,
        "saveJson": true,
        "consoleReporter": "spec",
        "useInlineDiffs": false,
        "code": true
      },
      "version": "7.1.3"
    },
    "marge": {
      "options": {
        "overwrite": false,
        "html": false,
        "json": true,
        "reportDir": "cypress\\reports\\html\\.jsons"
      },
      "version": "6.2.0"
    }
  }
}