{
  "stats": {
    "suites": 1,
    "tests": 1,
    "passes": 0,
    "pending": 0,
    "failures": 1,
    "start": "2024-01-15T10:14:56.595Z",
    "end": "2024-01-15T10:16:00.425Z",
    "duration": 63830,
    "testsRegistered": 1,
    "passPercent": 0,
    "pendingPercent": 0,
    "other": 0,
    "hasOther": false,
    "skipped": 0,
    "hasSkipped": false
  },
  "results": [
    {
      "uuid": "035701cb-463a-4d77-8194-e271ebac2c73",
      "title": "",
      "fullFile": "cypress\\e2e\\frameworkdemo\\monitor-overview.cy.ts",
      "file": "cypress\\e2e\\frameworkdemo\\monitor-overview.cy.ts",
      "beforeHooks": [],
      "afterHooks": [],
      "tests": [],
      "suites": [
        {
          "uuid": "0348ebba-0a36-4bcf-8b13-429e7d00a016",
          "title": "monitorOverview",
          "fullFile": "",
          "file": "",
          "beforeHooks": [],
          "afterHooks": [],
          "tests": [
            {
              "title": "logintest",
              "fullTitle": "monitorOverview logintest",
              "timedOut": null,
              "duration": 63756,
              "state": "failed",
              "speed": null,
              "pass": false,
              "fail": true,
              "pending": false,
              "context": "{\n  \"title\": \"cypress-mochawesome-reporter-screenshots\",\n  \"value\": [\n    [\n      \"\\\\frameworkdemo\\\\monitor-overview.cy.ts\\\\monitorOverview -- logintest (failed).png\"\n    ]\n  ]\n}",
              "code": "cy.fixture('URL').then(function (data) {\n    cy.visit(data.url);\n    var ln = new _Locator_cy__WEBPACK_IMPORTED_MODULE_0__[\"default\"]();\n    ln.setLoginPage(data.username, data.Password);\n    cy.get('#toast-container > .ng-trigger')\n        .should('have.text', ' login ')\n        .click();\n    cy.get(data.overviewUrl).should('exist');\n    cy.get(data.environmentUrl).should('be.visible');\n    cy.get('.card-body').should('contain.text', 'Absolute');\n    cy.get(':nth-child(1) > :nth-child(2) > .rounded-4 > .card-body').should('contain.text', 'Intensity');\n    cy.get('.child > :nth-child(1) > .rounded-4 > .card-body').should('contain.text', 'Absolute Emission by Scope tCO2');\n    cy.get('.child > :nth-child(2) > .rounded-4 > .card-body').should('be.visible');\n    cy.get('.col-lg-3 > .rounded-4 > .card-body').should('be.visible');\n    cy.get(data.socialUrl).should('exist').click();\n    cy.get(':nth-child(1) > .row-backgrounds > .card-body').should('be.visible');\n    ln.setCards();\n    cy.get(data.governanceUrl).should('be.visible').click();\n    ln.setCards();\n    ln.setCalender();\n});",
              "err": {
                "message": "AssertionError: Timed out retrying after 8000ms: Expected to find element: `:nth-child(1) > :nth-child(2) > .rounded-4 > .card-body`, but never found it.",
                "estack": "AssertionError: Timed out retrying after 8000ms: Expected to find element: `:nth-child(1) > :nth-child(2) > .rounded-4 > .card-body`, but never found it.\n    at Context.eval (webpack://angular-centraworld-calcus/./cypress/e2e/frameworkdemo/monitor-overview.cy.ts:15:0)",
                "diff": null
              },
              "uuid": "55ac4e45-e20c-4f1d-a38d-518229600bc7",
              "parentUUID": "0348ebba-0a36-4bcf-8b13-429e7d00a016",
              "isHook": false,
              "skipped": false
            }
          ],
          "suites": [],
          "passes": [],
          "failures": [
            "55ac4e45-e20c-4f1d-a38d-518229600bc7"
          ],
          "pending": [],
          "skipped": [],
          "duration": 63756,
          "root": false,
          "rootEmpty": false,
          "_timeout": 2000
        }
      ],
      "passes": [],
      "failures": [],
      "pending": [],
      "skipped": [],
      "duration": 0,
      "root": true,
      "rootEmpty": true,
      "_timeout": 2000
    }
  ],
  "meta": {
    "mocha": {
      "version": "7.0.1"
    },
    "mochawesome": {
      "options": {
        "quiet": false,
        "reportFilename": "mochawesome",
        "saveHtml": false,
        "saveJson": true,
        "consoleReporter": "spec",
        "useInlineDiffs": false,
        "code": true
      },
      "version": "7.1.3"
    },
    "marge": {
      "options": {
        "overwrite": false,
        "html": false,
        "json": true,
        "reportDir": "cypress\\reports\\html\\.jsons"
      },
      "version": "6.2.0"
    }
  }
}